Flow report for complete-nixie
Sat Feb 17 23:33:48 2018
Quartus II 32-bit Version 13.1.0 Build 162 10/23/2013 SJ Web Edition


---------------------
; Table of Contents ;
---------------------
  1. Legal Notice
  2. Flow Summary
  3. Flow Settings
  4. Flow Non-Default Global Settings
  5. Flow Elapsed Time
  6. Flow OS Summary
  7. Flow Log
  8. Flow Messages
  9. Flow Suppressed Messages



----------------
; Legal Notice ;
----------------
Copyright (C) 1991-2013 Altera Corporation
Your use of Altera Corporation's design tools, logic functions 
and other software and tools, and its AMPP partner logic 
functions, and any output files from any of the foregoing 
(including device programming or simulation files), and any 
associated documentation or information are expressly subject 
to the terms and conditions of the Altera Program License 
Subscription Agreement, Altera MegaCore Function License 
Agreement, or other applicable license agreement, including, 
without limitation, that your use is for the sole purpose of 
programming logic devices manufactured by Altera and sold by 
Altera or its authorized distributors.  Please refer to the 
applicable agreement for further details.



+------------------------------------------------------------------------+
; Flow Summary                                                           ;
+---------------------------+--------------------------------------------+
; Flow Status               ; Successful - Sat Feb 17 23:33:48 2018      ;
; Quartus II 32-bit Version ; 13.1.0 Build 162 10/23/2013 SJ Web Edition ;
; Revision Name             ; complete-nixie                             ;
; Top-level Entity Name     ; complete-nixie                             ;
; Family                    ; MAX II                                     ;
; Device                    ; EPM240T100C4                               ;
; Timing Models             ; Final                                      ;
; Total logic elements      ; 82 / 240 ( 34 % )                          ;
; Total pins                ; 43 / 80 ( 54 % )                           ;
; Total virtual pins        ; 0                                          ;
; UFM blocks                ; 0 / 1 ( 0 % )                              ;
+---------------------------+--------------------------------------------+


+-----------------------------------------+
; Flow Settings                           ;
+-------------------+---------------------+
; Option            ; Setting             ;
+-------------------+---------------------+
; Start date & time ; 02/17/2018 23:33:04 ;
; Main task         ; Compilation         ;
; Revision Name     ; complete-nixie      ;
+-------------------+---------------------+


+---------------------------------------------------------------------------------------------------------------------+
; Flow Non-Default Global Settings                                                                                    ;
+---------------------------------------+------------------------------+---------------+-------------+----------------+
; Assignment Name                       ; Value                        ; Default Value ; Entity Name ; Section Id     ;
+---------------------------------------+------------------------------+---------------+-------------+----------------+
; COMPILER_SIGNATURE_ID                 ; 117970000288.151890678404500 ; --            ; --          ; --             ;
; EDA_OUTPUT_DATA_FORMAT                ; Vhdl                         ; --            ; --          ; eda_simulation ;
; EDA_SIMULATION_TOOL                   ; ModelSim-Altera (VHDL)       ; <None>        ; --          ; --             ;
; MAX_CORE_JUNCTION_TEMP                ; 85                           ; --            ; --          ; --             ;
; MIN_CORE_JUNCTION_TEMP                ; 0                            ; --            ; --          ; --             ;
; POWER_EXT_SUPPLY_VOLTAGE_TO_REGULATOR ; 3.3V                         ; --            ; --          ; --             ;
; PROJECT_OUTPUT_DIRECTORY              ; output_files                 ; --            ; --          ; --             ;
+---------------------------------------+------------------------------+---------------+-------------+----------------+


+-------------------------------------------------------------------------------------------------------------------------------+
; Flow Elapsed Time                                                                                                             ;
+---------------------------+--------------+-------------------------+---------------------+------------------------------------+
; Module Name               ; Elapsed Time ; Average Processors Used ; Peak Virtual Memory ; Total CPU Time (on all processors) ;
+---------------------------+--------------+-------------------------+---------------------+------------------------------------+
; Analysis & Synthesis      ; 00:00:10     ; 1.0                     ; 369 MB              ; 00:00:07                           ;
; Fitter                    ; 00:00:10     ; 1.0                     ; 433 MB              ; 00:00:09                           ;
; Assembler                 ; 00:00:03     ; 1.0                     ; 330 MB              ; 00:00:03                           ;
; TimeQuest Timing Analyzer ; 00:00:05     ; 1.0                     ; 313 MB              ; 00:00:04                           ;
; EDA Netlist Writer        ; 00:00:03     ; 1.0                     ; 308 MB              ; 00:00:02                           ;
; Total                     ; 00:00:31     ; --                      ; --                  ; 00:00:25                           ;
+---------------------------+--------------+-------------------------+---------------------+------------------------------------+


+----------------------------------------------------------------------------------------+
; Flow OS Summary                                                                        ;
+---------------------------+------------------+-----------+------------+----------------+
; Module Name               ; Machine Hostname ; OS Name   ; OS Version ; Processor type ;
+---------------------------+------------------+-----------+------------+----------------+
; Analysis & Synthesis      ; dd-PC7           ; Windows 7 ; 6.1        ; i686           ;
; Fitter                    ; dd-PC7           ; Windows 7 ; 6.1        ; i686           ;
; Assembler                 ; dd-PC7           ; Windows 7 ; 6.1        ; i686           ;
; TimeQuest Timing Analyzer ; dd-PC7           ; Windows 7 ; 6.1        ; i686           ;
; EDA Netlist Writer        ; dd-PC7           ; Windows 7 ; 6.1        ; i686           ;
+---------------------------+------------------+-----------+------------+----------------+


------------
; Flow Log ;
------------
quartus_map --read_settings_files=on --write_settings_files=off complete-nixie -c complete-nixie
quartus_fit --read_settings_files=off --write_settings_files=off complete-nixie -c complete-nixie
quartus_asm --read_settings_files=off --write_settings_files=off complete-nixie -c complete-nixie
quartus_sta complete-nixie -c complete-nixie
quartus_eda --read_settings_files=off --write_settings_files=off complete-nixie -c complete-nixie



